<?xml version="1.0" encoding="UTF-8"?>
<testsuite name="com.macrodream.spring.guides.gs.testingrestdocs.WebLayerTest" tests="1" skipped="0" failures="0" errors="0" timestamp="2021-04-13T06:07:35" hostname="Mac" time="1.035">
  <properties/>
  <testcase name="shouldReturnDefaultMessage()" classname="com.macrodream.spring.guides.gs.testingrestdocs.WebLayerTest" time="1.035"/>
  <system-out><![CDATA[14:07:28.666 [Test worker] DEBUG org.springframework.test.context.BootstrapUtils - Instantiating CacheAwareContextLoaderDelegate from class [org.springframework.test.context.cache.DefaultCacheAwareContextLoaderDelegate]
14:07:28.721 [Test worker] DEBUG org.springframework.test.context.BootstrapUtils - Instantiating BootstrapContext using constructor [public org.springframework.test.context.support.DefaultBootstrapContext(java.lang.Class,org.springframework.test.context.CacheAwareContextLoaderDelegate)]
14:07:28.868 [Test worker] DEBUG org.springframework.test.context.BootstrapUtils - Instantiating TestContextBootstrapper for test class [com.macrodream.spring.guides.gs.testingrestdocs.WebLayerTest] from class [org.springframework.boot.test.autoconfigure.web.servlet.WebMvcTestContextBootstrapper]
14:07:28.920 [Test worker] INFO org.springframework.boot.test.autoconfigure.web.servlet.WebMvcTestContextBootstrapper - Neither @ContextConfiguration nor @ContextHierarchy found for test class [com.macrodream.spring.guides.gs.testingrestdocs.WebLayerTest], using SpringBootContextLoader
14:07:28.942 [Test worker] DEBUG org.springframework.test.context.support.AbstractContextLoader - Did not detect default resource location for test class [com.macrodream.spring.guides.gs.testingrestdocs.WebLayerTest]: class path resource [com/macrodream/spring/guides/gs/testingrestdocs/WebLayerTest-context.xml] does not exist
14:07:28.945 [Test worker] DEBUG org.springframework.test.context.support.AbstractContextLoader - Did not detect default resource location for test class [com.macrodream.spring.guides.gs.testingrestdocs.WebLayerTest]: class path resource [com/macrodream/spring/guides/gs/testingrestdocs/WebLayerTestContext.groovy] does not exist
14:07:28.946 [Test worker] INFO org.springframework.test.context.support.AbstractContextLoader - Could not detect default resource locations for test class [com.macrodream.spring.guides.gs.testingrestdocs.WebLayerTest]: no resource found for suffixes {-context.xml, Context.groovy}.
14:07:28.951 [Test worker] INFO org.springframework.test.context.support.AnnotationConfigContextLoaderUtils - Could not detect default configuration classes for test class [com.macrodream.spring.guides.gs.testingrestdocs.WebLayerTest]: WebLayerTest does not declare any static, non-private, non-final, nested classes annotated with @Configuration.
14:07:29.217 [Test worker] DEBUG org.springframework.test.context.support.ActiveProfilesUtils - Could not find an 'annotation declaring class' for annotation type [org.springframework.test.context.ActiveProfiles] and class [com.macrodream.spring.guides.gs.testingrestdocs.WebLayerTest]
14:07:29.496 [Test worker] DEBUG org.springframework.context.annotation.ClassPathScanningCandidateComponentProvider - Identified candidate component class: file [D:\Develop\java\ideaProjs\JavaArchTechStack\spring-guides-gs\testing-restdocs\build\classes\java\main\com\macrodream\spring\guides\gs\testingrestdocs\TestRestDocsApp.class]
14:07:29.500 [Test worker] INFO org.springframework.boot.test.context.SpringBootTestContextBootstrapper - Found @SpringBootConfiguration com.macrodream.spring.guides.gs.testingrestdocs.TestRestDocsApp for test class com.macrodream.spring.guides.gs.testingrestdocs.WebLayerTest
14:07:29.508 [Test worker] DEBUG org.springframework.boot.test.autoconfigure.web.servlet.WebMvcTestContextBootstrapper - @TestExecutionListeners is not present for class [com.macrodream.spring.guides.gs.testingrestdocs.WebLayerTest]: using defaults.
14:07:29.509 [Test worker] INFO org.springframework.boot.test.autoconfigure.web.servlet.WebMvcTestContextBootstrapper - Loaded default TestExecutionListener class names from location [META-INF/spring.factories]: [org.springframework.test.context.web.ServletTestExecutionListener, org.springframework.test.context.support.DirtiesContextBeforeModesTestExecutionListener, org.springframework.test.context.event.ApplicationEventsTestExecutionListener, org.springframework.test.context.support.DependencyInjectionTestExecutionListener, org.springframework.test.context.support.DirtiesContextTestExecutionListener, org.springframework.test.context.transaction.TransactionalTestExecutionListener, org.springframework.test.context.jdbc.SqlScriptsTestExecutionListener, org.springframework.test.context.event.EventPublishingTestExecutionListener, org.springframework.boot.test.autoconfigure.restdocs.RestDocsTestExecutionListener, org.springframework.boot.test.autoconfigure.web.client.MockRestServiceServerResetTestExecutionListener, org.springframework.boot.test.autoconfigure.web.servlet.MockMvcPrintOnlyOnFailureTestExecutionListener, org.springframework.boot.test.autoconfigure.web.servlet.WebDriverTestExecutionListener, org.springframework.boot.test.autoconfigure.webservices.client.MockWebServiceServerTestExecutionListener, org.springframework.boot.test.mock.mockito.MockitoTestExecutionListener, org.springframework.boot.test.mock.mockito.ResetMocksTestExecutionListener]
14:07:29.542 [Test worker] DEBUG org.springframework.boot.test.autoconfigure.web.servlet.WebMvcTestContextBootstrapper - Skipping candidate TestExecutionListener [org.springframework.test.context.transaction.TransactionalTestExecutionListener] due to a missing dependency. Specify custom listener classes or make the default listener classes and their required dependencies available. Offending class: [org/springframework/transaction/interceptor/TransactionAttributeSource]
14:07:29.546 [Test worker] DEBUG org.springframework.boot.test.autoconfigure.web.servlet.WebMvcTestContextBootstrapper - Skipping candidate TestExecutionListener [org.springframework.test.context.jdbc.SqlScriptsTestExecutionListener] due to a missing dependency. Specify custom listener classes or make the default listener classes and their required dependencies available. Offending class: [org/springframework/transaction/interceptor/TransactionAttribute]
14:07:29.559 [Test worker] INFO org.springframework.boot.test.autoconfigure.web.servlet.WebMvcTestContextBootstrapper - Using TestExecutionListeners: [org.springframework.test.context.web.ServletTestExecutionListener@682fad7, org.springframework.test.context.support.DirtiesContextBeforeModesTestExecutionListener@7caaedb5, org.springframework.test.context.event.ApplicationEventsTestExecutionListener@31649bc8, org.springframework.boot.test.mock.mockito.MockitoTestExecutionListener@2a925218, org.springframework.boot.test.autoconfigure.SpringBootDependencyInjectionTestExecutionListener@3b5751df, org.springframework.test.context.support.DirtiesContextTestExecutionListener@10bbd445, org.springframework.test.context.event.EventPublishingTestExecutionListener@514b741, org.springframework.boot.test.autoconfigure.restdocs.RestDocsTestExecutionListener@3d2e2769, org.springframework.boot.test.autoconfigure.web.client.MockRestServiceServerResetTestExecutionListener@3c7650ba, org.springframework.boot.test.autoconfigure.web.servlet.MockMvcPrintOnlyOnFailureTestExecutionListener@72a1a28d, org.springframework.boot.test.autoconfigure.web.servlet.WebDriverTestExecutionListener@52afbd27, org.springframework.boot.test.autoconfigure.webservices.client.MockWebServiceServerTestExecutionListener@1ef6dd74, org.springframework.boot.test.mock.mockito.ResetMocksTestExecutionListener@100bbd90]
14:07:29.575 [Test worker] DEBUG org.springframework.test.context.support.AbstractDirtiesContextTestExecutionListener - Before test class: context [DefaultTestContext@2e417993 testClass = WebLayerTest, testInstance = [null], testMethod = [null], testException = [null], mergedContextConfiguration = [WebMergedContextConfiguration@544f3c96 testClass = WebLayerTest, locations = '{}', classes = '{class com.macrodream.spring.guides.gs.testingrestdocs.TestRestDocsApp}', contextInitializerClasses = '[]', activeProfiles = '{}', propertySourceLocations = '{}', propertySourceProperties = '{org.springframework.boot.test.autoconfigure.web.servlet.WebMvcTestContextBootstrapper=true}', contextCustomizers = set[org.springframework.boot.test.autoconfigure.OverrideAutoConfigurationContextCustomizerFactory$DisableAutoConfigurationContextCustomizer@3a3b92ef, org.springframework.boot.test.autoconfigure.actuate.metrics.MetricsExportContextCustomizerFactory$DisableMetricExportContextCustomizer@47e437a1, org.springframework.boot.test.autoconfigure.filter.TypeExcludeFiltersContextCustomizer@416a397, org.springframework.boot.test.autoconfigure.properties.PropertyMappingContextCustomizer@ddc3a62d, org.springframework.boot.test.autoconfigure.web.servlet.WebDriverContextCustomizerFactory$Customizer@5d16434b, [ImportsContextCustomizer@578a4421 key = [@org.springframework.boot.test.autoconfigure.web.servlet.AutoConfigureWebMvc(), @org.apiguardian.api.API(consumers=[*], since=5.0, status=STABLE), @org.springframework.boot.test.autoconfigure.core.AutoConfigureCache(cacheProvider=NONE), @org.junit.jupiter.api.extension.ExtendWith(value=[class org.springframework.test.context.junit.jupiter.SpringExtension]), @org.springframework.context.annotation.Import(value=[class org.springframework.boot.test.autoconfigure.restdocs.RestDocumentationContextProviderRegistrar]), @org.springframework.boot.test.autoconfigure.properties.PropertyMapping(value=spring.test.restdocs, skip=NO), @org.springframework.boot.test.autoconfigure.restdocs.AutoConfigureRestDocs(uriScheme=http, outputDir=target/snippets, uriPort=8080, value=, uriHost=localhost), @org.springframework.boot.test.autoconfigure.properties.PropertyMapping(value=spring.test.mockmvc, skip=NO), @org.springframework.test.context.BootstrapWith(value=class org.springframework.boot.test.autoconfigure.web.servlet.WebMvcTestContextBootstrapper), @org.springframework.boot.autoconfigure.ImportAutoConfiguration(value=[], exclude=[], classes=[]), @org.springframework.boot.test.autoconfigure.filter.TypeExcludeFilters(value=[class org.springframework.boot.test.autoconfigure.web.servlet.WebMvcTypeExcludeFilter]), @org.springframework.boot.test.autoconfigure.web.servlet.AutoConfigureMockMvc(webDriverEnabled=true, print=DEFAULT, webClientEnabled=true, printOnlyOnFailure=true, addFilters=true), @org.springframework.boot.test.autoconfigure.OverrideAutoConfiguration(enabled=false), @org.springframework.context.annotation.Import(value=[class org.springframework.boot.autoconfigure.ImportAutoConfigurationImportSelector]), @org.springframework.boot.test.autoconfigure.web.servlet.WebMvcTest(useDefaultFilters=true, excludeFilters=[], excludeAutoConfiguration=[], controllers=[], value=[class com.macrodream.spring.guides.gs.testingrestdocs.HomeController], includeFilters=[], properties=[])]], org.springframework.boot.test.context.filter.ExcludeFilterContextCustomizer@6bc84e41, org.springframework.boot.test.json.DuplicateJsonObjectContextCustomizerFactory$DuplicateJsonObjectContextCustomizer@18dfbea4, org.springframework.boot.test.mock.mockito.MockitoContextCustomizer@0, org.springframework.boot.test.context.SpringBootTestArgs@1, org.springframework.boot.test.context.SpringBootTestWebEnvironment@0], resourceBasePath = 'src/main/webapp', contextLoader = 'org.springframework.boot.test.context.SpringBootContextLoader', parent = [null]], attributes = map[[empty]]], class annotated with @DirtiesContext [false] with mode [null].
14:07:29.618 [Test worker] DEBUG org.springframework.test.context.support.DependencyInjectionTestExecutionListener - Performing dependency injection for test context [[DefaultTestContext@2e417993 testClass = WebLayerTest, testInstance = com.macrodream.spring.guides.gs.testingrestdocs.WebLayerTest@725a6c01, testMethod = [null], testException = [null], mergedContextConfiguration = [WebMergedContextConfiguration@544f3c96 testClass = WebLayerTest, locations = '{}', classes = '{class com.macrodream.spring.guides.gs.testingrestdocs.TestRestDocsApp}', contextInitializerClasses = '[]', activeProfiles = '{}', propertySourceLocations = '{}', propertySourceProperties = '{org.springframework.boot.test.autoconfigure.web.servlet.WebMvcTestContextBootstrapper=true}', contextCustomizers = set[org.springframework.boot.test.autoconfigure.OverrideAutoConfigurationContextCustomizerFactory$DisableAutoConfigurationContextCustomizer@3a3b92ef, org.springframework.boot.test.autoconfigure.actuate.metrics.MetricsExportContextCustomizerFactory$DisableMetricExportContextCustomizer@47e437a1, org.springframework.boot.test.autoconfigure.filter.TypeExcludeFiltersContextCustomizer@416a397, org.springframework.boot.test.autoconfigure.properties.PropertyMappingContextCustomizer@ddc3a62d, org.springframework.boot.test.autoconfigure.web.servlet.WebDriverContextCustomizerFactory$Customizer@5d16434b, [ImportsContextCustomizer@578a4421 key = [@org.springframework.boot.test.autoconfigure.web.servlet.AutoConfigureWebMvc(), @org.apiguardian.api.API(consumers=[*], since=5.0, status=STABLE), @org.springframework.boot.test.autoconfigure.core.AutoConfigureCache(cacheProvider=NONE), @org.junit.jupiter.api.extension.ExtendWith(value=[class org.springframework.test.context.junit.jupiter.SpringExtension]), @org.springframework.context.annotation.Import(value=[class org.springframework.boot.test.autoconfigure.restdocs.RestDocumentationContextProviderRegistrar]), @org.springframework.boot.test.autoconfigure.properties.PropertyMapping(value=spring.test.restdocs, skip=NO), @org.springframework.boot.test.autoconfigure.restdocs.AutoConfigureRestDocs(uriScheme=http, outputDir=target/snippets, uriPort=8080, value=, uriHost=localhost), @org.springframework.boot.test.autoconfigure.properties.PropertyMapping(value=spring.test.mockmvc, skip=NO), @org.springframework.test.context.BootstrapWith(value=class org.springframework.boot.test.autoconfigure.web.servlet.WebMvcTestContextBootstrapper), @org.springframework.boot.autoconfigure.ImportAutoConfiguration(value=[], exclude=[], classes=[]), @org.springframework.boot.test.autoconfigure.filter.TypeExcludeFilters(value=[class org.springframework.boot.test.autoconfigure.web.servlet.WebMvcTypeExcludeFilter]), @org.springframework.boot.test.autoconfigure.web.servlet.AutoConfigureMockMvc(webDriverEnabled=true, print=DEFAULT, webClientEnabled=true, printOnlyOnFailure=true, addFilters=true), @org.springframework.boot.test.autoconfigure.OverrideAutoConfiguration(enabled=false), @org.springframework.context.annotation.Import(value=[class org.springframework.boot.autoconfigure.ImportAutoConfigurationImportSelector]), @org.springframework.boot.test.autoconfigure.web.servlet.WebMvcTest(useDefaultFilters=true, excludeFilters=[], excludeAutoConfiguration=[], controllers=[], value=[class com.macrodream.spring.guides.gs.testingrestdocs.HomeController], includeFilters=[], properties=[])]], org.springframework.boot.test.context.filter.ExcludeFilterContextCustomizer@6bc84e41, org.springframework.boot.test.json.DuplicateJsonObjectContextCustomizerFactory$DuplicateJsonObjectContextCustomizer@18dfbea4, org.springframework.boot.test.mock.mockito.MockitoContextCustomizer@0, org.springframework.boot.test.context.SpringBootTestArgs@1, org.springframework.boot.test.context.SpringBootTestWebEnvironment@0], resourceBasePath = 'src/main/webapp', contextLoader = 'org.springframework.boot.test.context.SpringBootContextLoader', parent = [null]], attributes = map['org.springframework.test.context.event.ApplicationEventsTestExecutionListener.recordApplicationEvents' -> false]]].
14:07:29.722 [Test worker] DEBUG org.springframework.test.context.support.TestPropertySourceUtils - Adding inlined properties to environment: {spring.jmx.enabled=false, org.springframework.boot.test.autoconfigure.web.servlet.WebMvcTestContextBootstrapper=true}

  .   ____          _            __ _ _
 /\\ / ___'_ __ _ _(_)_ __  __ _ \ \ \ \
( ( )\___ | '_ | '_| | '_ \/ _` | \ \ \ \
 \\/  ___)| |_)| | | | | || (_| |  ) ) ) )
  '  |____| .__|_| |_|_| |_\__, | / / / /
 =========|_|==============|___/=/_/_/_/
 :: Spring Boot ::                (v2.4.4)

2021-04-13 14:07:30.921  INFO 10860 --- [    Test worker] c.m.s.g.gs.testingrestdocs.WebLayerTest  : Starting WebLayerTest using Java 1.8.0_192 on Mac with PID 10860 (started by Macros.Zhang in D:\Develop\java\ideaProjs\JavaArchTechStack\spring-guides-gs\testing-restdocs)
2021-04-13 14:07:30.933  INFO 10860 --- [    Test worker] c.m.s.g.gs.testingrestdocs.WebLayerTest  : No active profile set, falling back to default profiles: default
2021-04-13 14:07:33.851  INFO 10860 --- [    Test worker] o.s.s.concurrent.ThreadPoolTaskExecutor  : Initializing ExecutorService 'applicationTaskExecutor'
2021-04-13 14:07:34.921  INFO 10860 --- [    Test worker] o.s.b.t.m.w.SpringBootMockServletContext : Initializing Spring TestDispatcherServlet ''
2021-04-13 14:07:34.925  INFO 10860 --- [    Test worker] o.s.t.web.servlet.TestDispatcherServlet  : Initializing Servlet ''
2021-04-13 14:07:34.948  INFO 10860 --- [    Test worker] o.s.t.web.servlet.TestDispatcherServlet  : Completed initialization in 20 ms
2021-04-13 14:07:35.076  INFO 10860 --- [    Test worker] c.m.s.g.gs.testingrestdocs.WebLayerTest  : Started WebLayerTest in 5.331 seconds (JVM running for 9.383)
]]></system-out>
  <system-err><![CDATA[]]></system-err>
</testsuite>
