<?xml version="1.0" encoding="UTF-8"?>
<testsuite name="com.macrodream.gudies.gs.resthateoas.GreetingTraversonIntegrationTests" tests="1" skipped="0" failures="0" errors="0" timestamp="2021-02-24T09:06:26" hostname="MAC" time="4.224">
  <properties/>
  <testcase name="envEndpointNotHidden()" classname="com.macrodream.gudies.gs.resthateoas.GreetingTraversonIntegrationTests" time="4.224"/>
  <system-out><![CDATA[17:05:56.361 [Test worker] DEBUG org.springframework.test.context.BootstrapUtils - Instantiating CacheAwareContextLoaderDelegate from class [org.springframework.test.context.cache.DefaultCacheAwareContextLoaderDelegate]
17:05:56.431 [Test worker] DEBUG org.springframework.test.context.BootstrapUtils - Instantiating BootstrapContext using constructor [public org.springframework.test.context.support.DefaultBootstrapContext(java.lang.Class,org.springframework.test.context.CacheAwareContextLoaderDelegate)]
17:05:56.612 [Test worker] DEBUG org.springframework.test.context.BootstrapUtils - Instantiating TestContextBootstrapper for test class [com.macrodream.gudies.gs.resthateoas.GreetingTraversonIntegrationTests] from class [org.springframework.boot.test.context.SpringBootTestContextBootstrapper]
17:05:56.680 [Test worker] INFO org.springframework.boot.test.context.SpringBootTestContextBootstrapper - Neither @ContextConfiguration nor @ContextHierarchy found for test class [com.macrodream.gudies.gs.resthateoas.GreetingTraversonIntegrationTests], using SpringBootContextLoader
17:05:56.708 [Test worker] DEBUG org.springframework.test.context.support.AbstractContextLoader - Did not detect default resource location for test class [com.macrodream.gudies.gs.resthateoas.GreetingTraversonIntegrationTests]: class path resource [com/macrodream/gudies/gs/resthateoas/GreetingTraversonIntegrationTests-context.xml] does not exist
17:05:56.713 [Test worker] DEBUG org.springframework.test.context.support.AbstractContextLoader - Did not detect default resource location for test class [com.macrodream.gudies.gs.resthateoas.GreetingTraversonIntegrationTests]: class path resource [com/macrodream/gudies/gs/resthateoas/GreetingTraversonIntegrationTestsContext.groovy] does not exist
17:05:56.721 [Test worker] INFO org.springframework.test.context.support.AbstractContextLoader - Could not detect default resource locations for test class [com.macrodream.gudies.gs.resthateoas.GreetingTraversonIntegrationTests]: no resource found for suffixes {-context.xml, Context.groovy}.
17:05:56.726 [Test worker] INFO org.springframework.test.context.support.AnnotationConfigContextLoaderUtils - Could not detect default configuration classes for test class [com.macrodream.gudies.gs.resthateoas.GreetingTraversonIntegrationTests]: GreetingTraversonIntegrationTests does not declare any static, non-private, non-final, nested classes annotated with @Configuration.
17:05:57.103 [Test worker] DEBUG org.springframework.test.context.support.ActiveProfilesUtils - Could not find an 'annotation declaring class' for annotation type [org.springframework.test.context.ActiveProfiles] and class [com.macrodream.gudies.gs.resthateoas.GreetingTraversonIntegrationTests]
17:05:57.582 [Test worker] DEBUG org.springframework.context.annotation.ClassPathScanningCandidateComponentProvider - Identified candidate component class: file [D:\Develop\java\ideaProjs\JavaArchTechStack\spring-guides\build\classes\java\main\com\macrodream\gudies\gs\resthateoas\RestHateoasApp.class]
17:05:57.588 [Test worker] INFO org.springframework.boot.test.context.SpringBootTestContextBootstrapper - Found @SpringBootConfiguration com.macrodream.gudies.gs.resthateoas.RestHateoasApp for test class com.macrodream.gudies.gs.resthateoas.GreetingTraversonIntegrationTests
17:05:58.141 [Test worker] DEBUG org.springframework.boot.test.context.SpringBootTestContextBootstrapper - @TestExecutionListeners is not present for class [com.macrodream.gudies.gs.resthateoas.GreetingTraversonIntegrationTests]: using defaults.
17:05:58.144 [Test worker] INFO org.springframework.boot.test.context.SpringBootTestContextBootstrapper - Loaded default TestExecutionListener class names from location [META-INF/spring.factories]: [org.springframework.boot.test.autoconfigure.restdocs.RestDocsTestExecutionListener, org.springframework.boot.test.autoconfigure.web.client.MockRestServiceServerResetTestExecutionListener, org.springframework.boot.test.autoconfigure.web.servlet.MockMvcPrintOnlyOnFailureTestExecutionListener, org.springframework.boot.test.autoconfigure.web.servlet.WebDriverTestExecutionListener, org.springframework.boot.test.autoconfigure.webservices.client.MockWebServiceServerTestExecutionListener, org.springframework.boot.test.mock.mockito.MockitoTestExecutionListener, org.springframework.boot.test.mock.mockito.ResetMocksTestExecutionListener, org.springframework.test.context.web.ServletTestExecutionListener, org.springframework.test.context.support.DirtiesContextBeforeModesTestExecutionListener, org.springframework.test.context.event.ApplicationEventsTestExecutionListener, org.springframework.test.context.support.DependencyInjectionTestExecutionListener, org.springframework.test.context.support.DirtiesContextTestExecutionListener, org.springframework.test.context.transaction.TransactionalTestExecutionListener, org.springframework.test.context.jdbc.SqlScriptsTestExecutionListener, org.springframework.test.context.event.EventPublishingTestExecutionListener]
17:05:58.241 [Test worker] INFO org.springframework.boot.test.context.SpringBootTestContextBootstrapper - Using TestExecutionListeners: [org.springframework.test.context.web.ServletTestExecutionListener@169da511, org.springframework.test.context.support.DirtiesContextBeforeModesTestExecutionListener@3cafc20e, org.springframework.test.context.event.ApplicationEventsTestExecutionListener@423ee1fc, org.springframework.boot.test.mock.mockito.MockitoTestExecutionListener@3871e1a5, org.springframework.boot.test.autoconfigure.SpringBootDependencyInjectionTestExecutionListener@433f6e97, org.springframework.test.context.support.DirtiesContextTestExecutionListener@1c26b4c, org.springframework.test.context.transaction.TransactionalTestExecutionListener@34465b89, org.springframework.test.context.jdbc.SqlScriptsTestExecutionListener@30df86d, org.springframework.test.context.event.EventPublishingTestExecutionListener@3bfe754d, org.springframework.boot.test.autoconfigure.restdocs.RestDocsTestExecutionListener@2974e175, org.springframework.boot.test.autoconfigure.web.client.MockRestServiceServerResetTestExecutionListener@2f686dc1, org.springframework.boot.test.autoconfigure.web.servlet.MockMvcPrintOnlyOnFailureTestExecutionListener@434a26d1, org.springframework.boot.test.autoconfigure.web.servlet.WebDriverTestExecutionListener@bd667e8, org.springframework.boot.test.autoconfigure.webservices.client.MockWebServiceServerTestExecutionListener@52740ae, org.springframework.boot.test.mock.mockito.ResetMocksTestExecutionListener@69cd23ae]
17:05:58.261 [Test worker] DEBUG org.springframework.test.context.support.AbstractDirtiesContextTestExecutionListener - Before test class: context [DefaultTestContext@59cb7003 testClass = GreetingTraversonIntegrationTests, testInstance = [null], testMethod = [null], testException = [null], mergedContextConfiguration = [WebMergedContextConfiguration@6cf54f7b testClass = GreetingTraversonIntegrationTests, locations = '{}', classes = '{class com.macrodream.gudies.gs.resthateoas.RestHateoasApp}', contextInitializerClasses = '[]', activeProfiles = '{}', propertySourceLocations = '{}', propertySourceProperties = '{org.springframework.boot.test.context.SpringBootTestContextBootstrapper=true, server.port=0}', contextCustomizers = set[org.springframework.boot.test.autoconfigure.actuate.metrics.MetricsExportContextCustomizerFactory$DisableMetricExportContextCustomizer@246b9769, org.springframework.boot.test.autoconfigure.properties.PropertyMappingContextCustomizer@0, org.springframework.boot.test.autoconfigure.web.servlet.WebDriverContextCustomizerFactory$Customizer@525c64f7, org.springframework.boot.test.context.filter.ExcludeFilterContextCustomizer@4eae1bc8, org.springframework.boot.test.json.DuplicateJsonObjectContextCustomizerFactory$DuplicateJsonObjectContextCustomizer@7e3adb5, org.springframework.boot.test.mock.mockito.MockitoContextCustomizer@0, org.springframework.boot.test.web.client.TestRestTemplateContextCustomizer@78b6f94b, org.springframework.boot.test.context.SpringBootTestArgs@1, org.springframework.boot.test.context.SpringBootTestWebEnvironment@3dd9727], resourceBasePath = 'src/main/webapp', contextLoader = 'org.springframework.boot.test.context.SpringBootContextLoader', parent = [null]], attributes = map['org.springframework.test.context.web.ServletTestExecutionListener.activateListener' -> false]], class annotated with @DirtiesContext [false] with mode [null].
17:05:58.311 [Test worker] DEBUG org.springframework.test.context.support.DependencyInjectionTestExecutionListener - Performing dependency injection for test context [[DefaultTestContext@59cb7003 testClass = GreetingTraversonIntegrationTests, testInstance = com.macrodream.gudies.gs.resthateoas.GreetingTraversonIntegrationTests@3214309f, testMethod = [null], testException = [null], mergedContextConfiguration = [WebMergedContextConfiguration@6cf54f7b testClass = GreetingTraversonIntegrationTests, locations = '{}', classes = '{class com.macrodream.gudies.gs.resthateoas.RestHateoasApp}', contextInitializerClasses = '[]', activeProfiles = '{}', propertySourceLocations = '{}', propertySourceProperties = '{org.springframework.boot.test.context.SpringBootTestContextBootstrapper=true, server.port=0}', contextCustomizers = set[org.springframework.boot.test.autoconfigure.actuate.metrics.MetricsExportContextCustomizerFactory$DisableMetricExportContextCustomizer@246b9769, org.springframework.boot.test.autoconfigure.properties.PropertyMappingContextCustomizer@0, org.springframework.boot.test.autoconfigure.web.servlet.WebDriverContextCustomizerFactory$Customizer@525c64f7, org.springframework.boot.test.context.filter.ExcludeFilterContextCustomizer@4eae1bc8, org.springframework.boot.test.json.DuplicateJsonObjectContextCustomizerFactory$DuplicateJsonObjectContextCustomizer@7e3adb5, org.springframework.boot.test.mock.mockito.MockitoContextCustomizer@0, org.springframework.boot.test.web.client.TestRestTemplateContextCustomizer@78b6f94b, org.springframework.boot.test.context.SpringBootTestArgs@1, org.springframework.boot.test.context.SpringBootTestWebEnvironment@3dd9727], resourceBasePath = 'src/main/webapp', contextLoader = 'org.springframework.boot.test.context.SpringBootContextLoader', parent = [null]], attributes = map['org.springframework.test.context.web.ServletTestExecutionListener.activateListener' -> false, 'org.springframework.test.context.event.ApplicationEventsTestExecutionListener.recordApplicationEvents' -> false]]].
17:05:58.431 [Test worker] DEBUG org.springframework.test.context.support.TestPropertySourceUtils - Adding inlined properties to environment: {spring.jmx.enabled=false, org.springframework.boot.test.context.SpringBootTestContextBootstrapper=true, server.port=0}

  .   ____          _            __ _ _
 /\\ / ___'_ __ _ _(_)_ __  __ _ \ \ \ \
( ( )\___ | '_ | '_| | '_ \/ _` | \ \ \ \
 \\/  ___)| |_)| | | | | || (_| |  ) ) ) )
  '  |____| .__|_| |_|_| |_\__, | / / / /
 =========|_|==============|___/=/_/_/_/
 :: Spring Boot ::                (v2.4.2)

2021-02-24 17:06:00.054  INFO 16112 --- [    Test worker] .g.g.r.GreetingTraversonIntegrationTests : Starting GreetingTraversonIntegrationTests using Java 1.8.0_192 on Mac with PID 16112 (started by Macros.Zhang in D:\Develop\java\ideaProjs\JavaArchTechStack\spring-guides)
2021-02-24 17:06:00.070  INFO 16112 --- [    Test worker] .g.g.r.GreetingTraversonIntegrationTests : No active profile set, falling back to default profiles: default
2021-02-24 17:06:04.719  INFO 16112 --- [    Test worker] .s.d.r.c.RepositoryConfigurationDelegate : Multiple Spring Data modules found, entering strict repository configuration mode!
2021-02-24 17:06:04.735  INFO 16112 --- [    Test worker] .s.d.r.c.RepositoryConfigurationDelegate : Bootstrapping Spring Data Neo4j repositories in DEFAULT mode.
2021-02-24 17:06:04.801  INFO 16112 --- [    Test worker] .s.d.r.c.RepositoryConfigurationDelegate : Finished Spring Data repository scanning in 43 ms. Found 0 Neo4j repository interfaces.
2021-02-24 17:06:04.831  INFO 16112 --- [    Test worker] .s.d.r.c.RepositoryConfigurationDelegate : Multiple Spring Data modules found, entering strict repository configuration mode!
2021-02-24 17:06:04.832  INFO 16112 --- [    Test worker] .s.d.r.c.RepositoryConfigurationDelegate : Bootstrapping Spring Data Neo4j repositories in DEFAULT mode.
2021-02-24 17:06:04.883  INFO 16112 --- [    Test worker] .s.d.r.c.RepositoryConfigurationDelegate : Finished Spring Data repository scanning in 49 ms. Found 0 Neo4j repository interfaces.
2021-02-24 17:06:04.937  INFO 16112 --- [    Test worker] .s.d.r.c.RepositoryConfigurationDelegate : Multiple Spring Data modules found, entering strict repository configuration mode!
2021-02-24 17:06:04.947  INFO 16112 --- [    Test worker] .s.d.r.c.RepositoryConfigurationDelegate : Bootstrapping Spring Data Redis repositories in DEFAULT mode.
2021-02-24 17:06:05.016  INFO 16112 --- [    Test worker] .s.d.r.c.RepositoryConfigurationDelegate : Finished Spring Data repository scanning in 21 ms. Found 0 Redis repository interfaces.
2021-02-24 17:06:09.607  INFO 16112 --- [    Test worker] o.s.b.w.embedded.tomcat.TomcatWebServer  : Tomcat initialized with port(s): 0 (http)
2021-02-24 17:06:09.657  INFO 16112 --- [    Test worker] o.apache.catalina.core.StandardService   : Starting service [Tomcat]
2021-02-24 17:06:09.658  INFO 16112 --- [    Test worker] org.apache.catalina.core.StandardEngine  : Starting Servlet engine: [Apache Tomcat/9.0.41]
2021-02-24 17:06:10.129  INFO 16112 --- [    Test worker] o.a.c.c.C.[Tomcat].[localhost].[/]       : Initializing Spring embedded WebApplicationContext
2021-02-24 17:06:10.131  INFO 16112 --- [    Test worker] w.s.c.ServletWebServerApplicationContext : Root WebApplicationContext: initialization completed in 9947 ms
2021-02-24 17:06:13.408  INFO 16112 --- [    Test worker] o.s.s.concurrent.ThreadPoolTaskExecutor  : Initializing ExecutorService 'applicationTaskExecutor'
2021-02-24 17:06:15.464  INFO 16112 --- [    Test worker] com.zaxxer.hikari.HikariDataSource       : HikariPool-1 - Starting...
2021-02-24 17:06:16.645  INFO 16112 --- [    Test worker] com.zaxxer.hikari.pool.PoolBase          : HikariPool-1 - Driver does not support get/set network timeout for connections. (feature not supported)
2021-02-24 17:06:16.655  INFO 16112 --- [    Test worker] com.zaxxer.hikari.HikariDataSource       : HikariPool-1 - Start completed.
2021-02-24 17:06:20.286  INFO 16112 --- [    Test worker] org.neo4j.driver.Driver                  : Direct driver instance 1538591342 created for server address localhost:7687
2021-02-24 17:06:24.694  INFO 16112 --- [    Test worker] o.s.b.w.embedded.tomcat.TomcatWebServer  : Tomcat started on port(s): 63094 (http) with context path ''
2021-02-24 17:06:25.062  INFO 16112 --- [    Test worker] o.s.b.w.embedded.tomcat.TomcatWebServer  : Tomcat initialized with port(s): 0 (http)
2021-02-24 17:06:25.067  INFO 16112 --- [    Test worker] o.apache.catalina.core.StandardService   : Starting service [Tomcat]
2021-02-24 17:06:25.083  INFO 16112 --- [    Test worker] org.apache.catalina.core.StandardEngine  : Starting Servlet engine: [Apache Tomcat/9.0.41]
2021-02-24 17:06:25.308  INFO 16112 --- [    Test worker] o.a.c.c.C.[Tomcat-1].[localhost].[/]     : Initializing Spring embedded WebApplicationContext
2021-02-24 17:06:25.434  INFO 16112 --- [    Test worker] w.s.c.ServletWebServerApplicationContext : Root WebApplicationContext: initialization completed in 720 ms
2021-02-24 17:06:25.541  INFO 16112 --- [    Test worker] o.s.b.a.e.web.EndpointLinksResolver      : Exposing 2 endpoint(s) beneath base path '/actuator'
2021-02-24 17:06:26.354  INFO 16112 --- [    Test worker] o.s.b.w.embedded.tomcat.TomcatWebServer  : Tomcat started on port(s): 63101 (http) with context path ''
2021-02-24 17:06:26.443  INFO 16112 --- [    Test worker] .g.g.r.GreetingTraversonIntegrationTests : Started GreetingTraversonIntegrationTests in 28.002 seconds (JVM running for 33.964)
2021-02-24 17:06:29.393  INFO 16112 --- [o-auto-1-exec-1] o.a.c.c.C.[Tomcat].[localhost].[/]       : Initializing Spring DispatcherServlet 'dispatcherServlet'
2021-02-24 17:06:29.396  INFO 16112 --- [o-auto-1-exec-1] o.s.web.servlet.DispatcherServlet        : Initializing Servlet 'dispatcherServlet'
2021-02-24 17:06:29.400  INFO 16112 --- [o-auto-1-exec-1] o.s.web.servlet.DispatcherServlet        : Completed initialization in 3 ms
]]></system-out>
  <system-err><![CDATA[]]></system-err>
</testsuite>
