<?xml version="1.0" encoding="UTF-8"?>
<testsuite name="com.macrodream.gudies.gs.actuatorservice.HelloWorldAppTest" tests="2" skipped="0" failures="0" errors="0" timestamp="2021-02-22T07:53:06" hostname="MAC" time="3.009">
  <properties/>
  <testcase name="shouldReturn200WhenSendingRequestToManagementEndpoint()" classname="com.macrodream.gudies.gs.actuatorservice.HelloWorldAppTest" time="2.664"/>
  <testcase name="shouldReturn200WhenSendingRequestToController()" classname="com.macrodream.gudies.gs.actuatorservice.HelloWorldAppTest" time="0.342"/>
  <system-out><![CDATA[15:52:43.080 [Test worker] DEBUG org.springframework.test.context.BootstrapUtils - Instantiating CacheAwareContextLoaderDelegate from class [org.springframework.test.context.cache.DefaultCacheAwareContextLoaderDelegate]
15:52:43.169 [Test worker] DEBUG org.springframework.test.context.BootstrapUtils - Instantiating BootstrapContext using constructor [public org.springframework.test.context.support.DefaultBootstrapContext(java.lang.Class,org.springframework.test.context.CacheAwareContextLoaderDelegate)]
15:52:43.316 [Test worker] DEBUG org.springframework.test.context.BootstrapUtils - Instantiating TestContextBootstrapper for test class [com.macrodream.gudies.gs.actuatorservice.HelloWorldAppTest] from class [org.springframework.boot.test.context.SpringBootTestContextBootstrapper]
15:52:43.373 [Test worker] INFO org.springframework.boot.test.context.SpringBootTestContextBootstrapper - Neither @ContextConfiguration nor @ContextHierarchy found for test class [com.macrodream.gudies.gs.actuatorservice.HelloWorldAppTest], using SpringBootContextLoader
15:52:43.395 [Test worker] DEBUG org.springframework.test.context.support.AbstractContextLoader - Did not detect default resource location for test class [com.macrodream.gudies.gs.actuatorservice.HelloWorldAppTest]: class path resource [com/macrodream/gudies/gs/actuatorservice/HelloWorldAppTest-context.xml] does not exist
15:52:43.401 [Test worker] DEBUG org.springframework.test.context.support.AbstractContextLoader - Did not detect default resource location for test class [com.macrodream.gudies.gs.actuatorservice.HelloWorldAppTest]: class path resource [com/macrodream/gudies/gs/actuatorservice/HelloWorldAppTestContext.groovy] does not exist
15:52:43.404 [Test worker] INFO org.springframework.test.context.support.AbstractContextLoader - Could not detect default resource locations for test class [com.macrodream.gudies.gs.actuatorservice.HelloWorldAppTest]: no resource found for suffixes {-context.xml, Context.groovy}.
15:52:43.409 [Test worker] INFO org.springframework.test.context.support.AnnotationConfigContextLoaderUtils - Could not detect default configuration classes for test class [com.macrodream.gudies.gs.actuatorservice.HelloWorldAppTest]: HelloWorldAppTest does not declare any static, non-private, non-final, nested classes annotated with @Configuration.
15:52:43.607 [Test worker] DEBUG org.springframework.test.context.support.ActiveProfilesUtils - Could not find an 'annotation declaring class' for annotation type [org.springframework.test.context.ActiveProfiles] and class [com.macrodream.gudies.gs.actuatorservice.HelloWorldAppTest]
15:52:43.907 [Test worker] DEBUG org.springframework.context.annotation.ClassPathScanningCandidateComponentProvider - Identified candidate component class: file [D:\Develop\java\ideaProjs\JavaArchTechStack\spring-guides\build\classes\java\main\com\macrodream\gudies\gs\actuatorservice\ActuatorServiceApp.class]
15:52:43.936 [Test worker] INFO org.springframework.boot.test.context.SpringBootTestContextBootstrapper - Found @SpringBootConfiguration com.macrodream.gudies.gs.actuatorservice.ActuatorServiceApp for test class com.macrodream.gudies.gs.actuatorservice.HelloWorldAppTest
15:52:44.380 [Test worker] DEBUG org.springframework.boot.test.context.SpringBootTestContextBootstrapper - @TestExecutionListeners is not present for class [com.macrodream.gudies.gs.actuatorservice.HelloWorldAppTest]: using defaults.
15:52:44.388 [Test worker] INFO org.springframework.boot.test.context.SpringBootTestContextBootstrapper - Loaded default TestExecutionListener class names from location [META-INF/spring.factories]: [org.springframework.boot.test.autoconfigure.restdocs.RestDocsTestExecutionListener, org.springframework.boot.test.autoconfigure.web.client.MockRestServiceServerResetTestExecutionListener, org.springframework.boot.test.autoconfigure.web.servlet.MockMvcPrintOnlyOnFailureTestExecutionListener, org.springframework.boot.test.autoconfigure.web.servlet.WebDriverTestExecutionListener, org.springframework.boot.test.autoconfigure.webservices.client.MockWebServiceServerTestExecutionListener, org.springframework.boot.test.mock.mockito.MockitoTestExecutionListener, org.springframework.boot.test.mock.mockito.ResetMocksTestExecutionListener, org.springframework.test.context.web.ServletTestExecutionListener, org.springframework.test.context.support.DirtiesContextBeforeModesTestExecutionListener, org.springframework.test.context.event.ApplicationEventsTestExecutionListener, org.springframework.test.context.support.DependencyInjectionTestExecutionListener, org.springframework.test.context.support.DirtiesContextTestExecutionListener, org.springframework.test.context.transaction.TransactionalTestExecutionListener, org.springframework.test.context.jdbc.SqlScriptsTestExecutionListener, org.springframework.test.context.event.EventPublishingTestExecutionListener]
15:52:44.528 [Test worker] INFO org.springframework.boot.test.context.SpringBootTestContextBootstrapper - Using TestExecutionListeners: [org.springframework.test.context.web.ServletTestExecutionListener@9a79e4c, org.springframework.test.context.support.DirtiesContextBeforeModesTestExecutionListener@43c1a01e, org.springframework.test.context.event.ApplicationEventsTestExecutionListener@a50417b, org.springframework.boot.test.mock.mockito.MockitoTestExecutionListener@1e08ea64, org.springframework.boot.test.autoconfigure.SpringBootDependencyInjectionTestExecutionListener@2be84217, org.springframework.test.context.support.DirtiesContextTestExecutionListener@65e7c624, org.springframework.test.context.transaction.TransactionalTestExecutionListener@6db4087a, org.springframework.test.context.jdbc.SqlScriptsTestExecutionListener@34b69462, org.springframework.test.context.event.EventPublishingTestExecutionListener@5da79019, org.springframework.boot.test.autoconfigure.restdocs.RestDocsTestExecutionListener@62abb6f, org.springframework.boot.test.autoconfigure.web.client.MockRestServiceServerResetTestExecutionListener@4b108408, org.springframework.boot.test.autoconfigure.web.servlet.MockMvcPrintOnlyOnFailureTestExecutionListener@4b851c8c, org.springframework.boot.test.autoconfigure.web.servlet.WebDriverTestExecutionListener@2a437abd, org.springframework.boot.test.autoconfigure.webservices.client.MockWebServiceServerTestExecutionListener@79614d59, org.springframework.boot.test.mock.mockito.ResetMocksTestExecutionListener@369ea6b9]
15:52:44.559 [Test worker] DEBUG org.springframework.test.context.support.AbstractDirtiesContextTestExecutionListener - Before test class: context [DefaultTestContext@26df7419 testClass = HelloWorldAppTest, testInstance = [null], testMethod = [null], testException = [null], mergedContextConfiguration = [WebMergedContextConfiguration@69d12acb testClass = HelloWorldAppTest, locations = '{}', classes = '{class com.macrodream.gudies.gs.actuatorservice.ActuatorServiceApp}', contextInitializerClasses = '[]', activeProfiles = '{}', propertySourceLocations = '{}', propertySourceProperties = '{management.port=0, org.springframework.boot.test.context.SpringBootTestContextBootstrapper=true, server.port=0}', contextCustomizers = set[org.springframework.boot.test.autoconfigure.actuate.metrics.MetricsExportContextCustomizerFactory$DisableMetricExportContextCustomizer@1a126afe, org.springframework.boot.test.autoconfigure.properties.PropertyMappingContextCustomizer@0, org.springframework.boot.test.autoconfigure.web.servlet.WebDriverContextCustomizerFactory$Customizer@38780e17, org.springframework.boot.test.context.filter.ExcludeFilterContextCustomizer@69af0bd5, org.springframework.boot.test.json.DuplicateJsonObjectContextCustomizerFactory$DuplicateJsonObjectContextCustomizer@720bf39, org.springframework.boot.test.mock.mockito.MockitoContextCustomizer@0, org.springframework.boot.test.web.client.TestRestTemplateContextCustomizer@2025a46a, org.springframework.boot.test.context.SpringBootTestArgs@1, org.springframework.boot.test.context.SpringBootTestWebEnvironment@7eb5f168], resourceBasePath = 'src/main/webapp', contextLoader = 'org.springframework.boot.test.context.SpringBootContextLoader', parent = [null]], attributes = map['org.springframework.test.context.web.ServletTestExecutionListener.activateListener' -> false]], class annotated with @DirtiesContext [false] with mode [null].
15:52:44.618 [Test worker] DEBUG org.springframework.test.context.support.DependencyInjectionTestExecutionListener - Performing dependency injection for test context [[DefaultTestContext@26df7419 testClass = HelloWorldAppTest, testInstance = com.macrodream.gudies.gs.actuatorservice.HelloWorldAppTest@86000f8, testMethod = [null], testException = [null], mergedContextConfiguration = [WebMergedContextConfiguration@69d12acb testClass = HelloWorldAppTest, locations = '{}', classes = '{class com.macrodream.gudies.gs.actuatorservice.ActuatorServiceApp}', contextInitializerClasses = '[]', activeProfiles = '{}', propertySourceLocations = '{}', propertySourceProperties = '{management.port=0, org.springframework.boot.test.context.SpringBootTestContextBootstrapper=true, server.port=0}', contextCustomizers = set[org.springframework.boot.test.autoconfigure.actuate.metrics.MetricsExportContextCustomizerFactory$DisableMetricExportContextCustomizer@1a126afe, org.springframework.boot.test.autoconfigure.properties.PropertyMappingContextCustomizer@0, org.springframework.boot.test.autoconfigure.web.servlet.WebDriverContextCustomizerFactory$Customizer@38780e17, org.springframework.boot.test.context.filter.ExcludeFilterContextCustomizer@69af0bd5, org.springframework.boot.test.json.DuplicateJsonObjectContextCustomizerFactory$DuplicateJsonObjectContextCustomizer@720bf39, org.springframework.boot.test.mock.mockito.MockitoContextCustomizer@0, org.springframework.boot.test.web.client.TestRestTemplateContextCustomizer@2025a46a, org.springframework.boot.test.context.SpringBootTestArgs@1, org.springframework.boot.test.context.SpringBootTestWebEnvironment@7eb5f168], resourceBasePath = 'src/main/webapp', contextLoader = 'org.springframework.boot.test.context.SpringBootContextLoader', parent = [null]], attributes = map['org.springframework.test.context.web.ServletTestExecutionListener.activateListener' -> false, 'org.springframework.test.context.event.ApplicationEventsTestExecutionListener.recordApplicationEvents' -> false]]].
15:52:44.708 [Test worker] DEBUG org.springframework.test.context.support.TestPropertySourceUtils - Adding inlined properties to environment: {spring.jmx.enabled=false, management.port=0, org.springframework.boot.test.context.SpringBootTestContextBootstrapper=true, server.port=0}

  .   ____          _            __ _ _
 /\\ / ___'_ __ _ _(_)_ __  __ _ \ \ \ \
( ( )\___ | '_ | '_| | '_ \/ _` | \ \ \ \
 \\/  ___)| |_)| | | | | || (_| |  ) ) ) )
  '  |____| .__|_| |_|_| |_\__, | / / / /
 =========|_|==============|___/=/_/_/_/
 :: Spring Boot ::                (v2.4.2)

2021-02-22 15:52:46.548  INFO 15508 --- [    Test worker] c.m.g.g.a.HelloWorldAppTest              : Starting HelloWorldAppTest using Java 1.8.0_192 on Mac with PID 15508 (started by Macros.Zhang in D:\Develop\java\ideaProjs\JavaArchTechStack\spring-guides)
2021-02-22 15:52:46.557  INFO 15508 --- [    Test worker] c.m.g.g.a.HelloWorldAppTest              : No active profile set, falling back to default profiles: default
2021-02-22 15:52:50.250  INFO 15508 --- [    Test worker] .s.d.r.c.RepositoryConfigurationDelegate : Multiple Spring Data modules found, entering strict repository configuration mode!
2021-02-22 15:52:50.259  INFO 15508 --- [    Test worker] .s.d.r.c.RepositoryConfigurationDelegate : Bootstrapping Spring Data Neo4j repositories in DEFAULT mode.
2021-02-22 15:52:50.314  INFO 15508 --- [    Test worker] .s.d.r.c.RepositoryConfigurationDelegate : Finished Spring Data repository scanning in 34 ms. Found 0 Neo4j repository interfaces.
2021-02-22 15:52:50.334  INFO 15508 --- [    Test worker] .s.d.r.c.RepositoryConfigurationDelegate : Multiple Spring Data modules found, entering strict repository configuration mode!
2021-02-22 15:52:50.335  INFO 15508 --- [    Test worker] .s.d.r.c.RepositoryConfigurationDelegate : Bootstrapping Spring Data Neo4j repositories in DEFAULT mode.
2021-02-22 15:52:50.357  INFO 15508 --- [    Test worker] .s.d.r.c.RepositoryConfigurationDelegate : Finished Spring Data repository scanning in 15 ms. Found 0 Neo4j repository interfaces.
2021-02-22 15:52:50.403  INFO 15508 --- [    Test worker] .s.d.r.c.RepositoryConfigurationDelegate : Multiple Spring Data modules found, entering strict repository configuration mode!
2021-02-22 15:52:50.409  INFO 15508 --- [    Test worker] .s.d.r.c.RepositoryConfigurationDelegate : Bootstrapping Spring Data Redis repositories in DEFAULT mode.
2021-02-22 15:52:50.461  INFO 15508 --- [    Test worker] .s.d.r.c.RepositoryConfigurationDelegate : Finished Spring Data repository scanning in 17 ms. Found 0 Redis repository interfaces.
2021-02-22 15:52:53.838  INFO 15508 --- [    Test worker] o.s.b.w.embedded.tomcat.TomcatWebServer  : Tomcat initialized with port(s): 0 (http)
2021-02-22 15:52:53.880  INFO 15508 --- [    Test worker] o.apache.catalina.core.StandardService   : Starting service [Tomcat]
2021-02-22 15:52:53.882  INFO 15508 --- [    Test worker] org.apache.catalina.core.StandardEngine  : Starting Servlet engine: [Apache Tomcat/9.0.41]
2021-02-22 15:52:54.321  INFO 15508 --- [    Test worker] o.a.c.c.C.[Tomcat].[localhost].[/]       : Initializing Spring embedded WebApplicationContext
2021-02-22 15:52:54.321  INFO 15508 --- [    Test worker] w.s.c.ServletWebServerApplicationContext : Root WebApplicationContext: initialization completed in 7659 ms
2021-02-22 15:52:57.109  INFO 15508 --- [    Test worker] o.s.s.concurrent.ThreadPoolTaskExecutor  : Initializing ExecutorService 'applicationTaskExecutor'
2021-02-22 15:53:02.889  INFO 15508 --- [    Test worker] org.neo4j.driver.Driver                  : Direct driver instance 1847227798 created for server address localhost:7687
2021-02-22 15:53:05.455  INFO 15508 --- [    Test worker] o.s.b.w.embedded.tomcat.TomcatWebServer  : Tomcat started on port(s): 52730 (http) with context path ''
2021-02-22 15:53:05.809  INFO 15508 --- [    Test worker] o.s.b.w.embedded.tomcat.TomcatWebServer  : Tomcat initialized with port(s): 0 (http)
2021-02-22 15:53:05.814  INFO 15508 --- [    Test worker] o.apache.catalina.core.StandardService   : Starting service [Tomcat]
2021-02-22 15:53:05.816  INFO 15508 --- [    Test worker] org.apache.catalina.core.StandardEngine  : Starting Servlet engine: [Apache Tomcat/9.0.41]
2021-02-22 15:53:05.977  INFO 15508 --- [    Test worker] o.a.c.c.C.[Tomcat-1].[localhost].[/]     : Initializing Spring embedded WebApplicationContext
2021-02-22 15:53:05.977  INFO 15508 --- [    Test worker] w.s.c.ServletWebServerApplicationContext : Root WebApplicationContext: initialization completed in 492 ms
2021-02-22 15:53:06.030  INFO 15508 --- [    Test worker] o.s.b.a.e.web.EndpointLinksResolver      : Exposing 2 endpoint(s) beneath base path '/actuator'
2021-02-22 15:53:06.174  INFO 15508 --- [    Test worker] o.s.b.w.embedded.tomcat.TomcatWebServer  : Tomcat started on port(s): 52737 (http) with context path ''
2021-02-22 15:53:06.222  INFO 15508 --- [    Test worker] c.m.g.g.a.HelloWorldAppTest              : Started HelloWorldAppTest in 21.507 seconds (JVM running for 26.222)
2021-02-22 15:53:08.121  INFO 15508 --- [1-auto-2-exec-1] o.a.c.c.C.[Tomcat-1].[localhost].[/]     : Initializing Spring DispatcherServlet 'dispatcherServlet'
2021-02-22 15:53:08.123  INFO 15508 --- [1-auto-2-exec-1] o.s.web.servlet.DispatcherServlet        : Initializing Servlet 'dispatcherServlet'
2021-02-22 15:53:08.124  INFO 15508 --- [1-auto-2-exec-1] o.s.web.servlet.DispatcherServlet        : Completed initialization in 1 ms
2021-02-22 15:53:09.052  INFO 15508 --- [o-auto-1-exec-1] o.a.c.c.C.[Tomcat].[localhost].[/]       : Initializing Spring DispatcherServlet 'dispatcherServlet'
2021-02-22 15:53:09.053  INFO 15508 --- [o-auto-1-exec-1] o.s.web.servlet.DispatcherServlet        : Initializing Servlet 'dispatcherServlet'
2021-02-22 15:53:09.055  INFO 15508 --- [o-auto-1-exec-1] o.s.web.servlet.DispatcherServlet        : Completed initialization in 1 ms
]]></system-out>
  <system-err><![CDATA[]]></system-err>
</testsuite>
