<?xml version="1.0" encoding="UTF-8"?>
<testsuite name="com.macrodream.gudies.gs.handlingformsubmission.HandlingFormSubmissionAppTest" tests="2" skipped="0" failures="0" errors="0" timestamp="2021-02-28T14:36:17" hostname="MAC" time="3.341">
  <properties/>
  <testcase name="rendersForm()" classname="com.macrodream.gudies.gs.handlingformsubmission.HandlingFormSubmissionAppTest" time="3.217"/>
  <testcase name="submitsForm()" classname="com.macrodream.gudies.gs.handlingformsubmission.HandlingFormSubmissionAppTest" time="0.121"/>
  <system-out><![CDATA[22:36:04.727 [Test worker] DEBUG org.springframework.test.context.BootstrapUtils - Instantiating CacheAwareContextLoaderDelegate from class [org.springframework.test.context.cache.DefaultCacheAwareContextLoaderDelegate]
22:36:04.805 [Test worker] DEBUG org.springframework.test.context.BootstrapUtils - Instantiating BootstrapContext using constructor [public org.springframework.test.context.support.DefaultBootstrapContext(java.lang.Class,org.springframework.test.context.CacheAwareContextLoaderDelegate)]
22:36:04.980 [Test worker] DEBUG org.springframework.test.context.BootstrapUtils - Instantiating TestContextBootstrapper for test class [com.macrodream.gudies.gs.handlingformsubmission.HandlingFormSubmissionAppTest] from class [org.springframework.boot.test.autoconfigure.web.servlet.WebMvcTestContextBootstrapper]
22:36:05.047 [Test worker] INFO org.springframework.boot.test.autoconfigure.web.servlet.WebMvcTestContextBootstrapper - Neither @ContextConfiguration nor @ContextHierarchy found for test class [com.macrodream.gudies.gs.handlingformsubmission.HandlingFormSubmissionAppTest], using SpringBootContextLoader
22:36:05.069 [Test worker] DEBUG org.springframework.test.context.support.AbstractContextLoader - Did not detect default resource location for test class [com.macrodream.gudies.gs.handlingformsubmission.HandlingFormSubmissionAppTest]: class path resource [com/macrodream/gudies/gs/handlingformsubmission/HandlingFormSubmissionAppTest-context.xml] does not exist
22:36:05.071 [Test worker] DEBUG org.springframework.test.context.support.AbstractContextLoader - Did not detect default resource location for test class [com.macrodream.gudies.gs.handlingformsubmission.HandlingFormSubmissionAppTest]: class path resource [com/macrodream/gudies/gs/handlingformsubmission/HandlingFormSubmissionAppTestContext.groovy] does not exist
22:36:05.072 [Test worker] INFO org.springframework.test.context.support.AbstractContextLoader - Could not detect default resource locations for test class [com.macrodream.gudies.gs.handlingformsubmission.HandlingFormSubmissionAppTest]: no resource found for suffixes {-context.xml, Context.groovy}.
22:36:05.074 [Test worker] INFO org.springframework.test.context.support.AnnotationConfigContextLoaderUtils - Could not detect default configuration classes for test class [com.macrodream.gudies.gs.handlingformsubmission.HandlingFormSubmissionAppTest]: HandlingFormSubmissionAppTest does not declare any static, non-private, non-final, nested classes annotated with @Configuration.
22:36:05.524 [Test worker] DEBUG org.springframework.test.context.support.ActiveProfilesUtils - Could not find an 'annotation declaring class' for annotation type [org.springframework.test.context.ActiveProfiles] and class [com.macrodream.gudies.gs.handlingformsubmission.HandlingFormSubmissionAppTest]
22:36:05.844 [Test worker] DEBUG org.springframework.context.annotation.ClassPathScanningCandidateComponentProvider - Identified candidate component class: file [D:\Develop\java\ideaProjs\JavaArchTechStack\spring-guides\build\classes\java\main\com\macrodream\gudies\gs\handlingformsubmission\HandlingFormSubmissionApp.class]
22:36:05.848 [Test worker] INFO org.springframework.boot.test.context.SpringBootTestContextBootstrapper - Found @SpringBootConfiguration com.macrodream.gudies.gs.handlingformsubmission.HandlingFormSubmissionApp for test class com.macrodream.gudies.gs.handlingformsubmission.HandlingFormSubmissionAppTest
22:36:05.864 [Test worker] DEBUG org.springframework.boot.test.autoconfigure.web.servlet.WebMvcTestContextBootstrapper - @TestExecutionListeners is not present for class [com.macrodream.gudies.gs.handlingformsubmission.HandlingFormSubmissionAppTest]: using defaults.
22:36:05.866 [Test worker] INFO org.springframework.boot.test.autoconfigure.web.servlet.WebMvcTestContextBootstrapper - Loaded default TestExecutionListener class names from location [META-INF/spring.factories]: [org.springframework.boot.test.autoconfigure.restdocs.RestDocsTestExecutionListener, org.springframework.boot.test.autoconfigure.web.client.MockRestServiceServerResetTestExecutionListener, org.springframework.boot.test.autoconfigure.web.servlet.MockMvcPrintOnlyOnFailureTestExecutionListener, org.springframework.boot.test.autoconfigure.web.servlet.WebDriverTestExecutionListener, org.springframework.boot.test.autoconfigure.webservices.client.MockWebServiceServerTestExecutionListener, org.springframework.boot.test.mock.mockito.MockitoTestExecutionListener, org.springframework.boot.test.mock.mockito.ResetMocksTestExecutionListener, org.springframework.test.context.web.ServletTestExecutionListener, org.springframework.test.context.support.DirtiesContextBeforeModesTestExecutionListener, org.springframework.test.context.event.ApplicationEventsTestExecutionListener, org.springframework.test.context.support.DependencyInjectionTestExecutionListener, org.springframework.test.context.support.DirtiesContextTestExecutionListener, org.springframework.test.context.transaction.TransactionalTestExecutionListener, org.springframework.test.context.jdbc.SqlScriptsTestExecutionListener, org.springframework.test.context.event.EventPublishingTestExecutionListener]
22:36:05.980 [Test worker] INFO org.springframework.boot.test.autoconfigure.web.servlet.WebMvcTestContextBootstrapper - Using TestExecutionListeners: [org.springframework.test.context.web.ServletTestExecutionListener@4257c015, org.springframework.test.context.support.DirtiesContextBeforeModesTestExecutionListener@1c33d0a6, org.springframework.test.context.event.ApplicationEventsTestExecutionListener@599cc19d, org.springframework.boot.test.mock.mockito.MockitoTestExecutionListener@29a8a8ae, org.springframework.boot.test.autoconfigure.SpringBootDependencyInjectionTestExecutionListener@550382e6, org.springframework.test.context.support.DirtiesContextTestExecutionListener@5737de00, org.springframework.test.context.transaction.TransactionalTestExecutionListener@68187d52, org.springframework.test.context.jdbc.SqlScriptsTestExecutionListener@4194527, org.springframework.test.context.event.EventPublishingTestExecutionListener@4d44f3f0, org.springframework.boot.test.autoconfigure.restdocs.RestDocsTestExecutionListener@24eaf386, org.springframework.boot.test.autoconfigure.web.client.MockRestServiceServerResetTestExecutionListener@fb3f8a4, org.springframework.boot.test.autoconfigure.web.servlet.MockMvcPrintOnlyOnFailureTestExecutionListener@41cdb408, org.springframework.boot.test.autoconfigure.web.servlet.WebDriverTestExecutionListener@2bfc14b2, org.springframework.boot.test.autoconfigure.webservices.client.MockWebServiceServerTestExecutionListener@5879b488, org.springframework.boot.test.mock.mockito.ResetMocksTestExecutionListener@489f11fb]
22:36:06.000 [Test worker] DEBUG org.springframework.test.context.support.AbstractDirtiesContextTestExecutionListener - Before test class: context [DefaultTestContext@65fee28f testClass = HandlingFormSubmissionAppTest, testInstance = [null], testMethod = [null], testException = [null], mergedContextConfiguration = [WebMergedContextConfiguration@1b861bba testClass = HandlingFormSubmissionAppTest, locations = '{}', classes = '{class com.macrodream.gudies.gs.handlingformsubmission.HandlingFormSubmissionApp}', contextInitializerClasses = '[]', activeProfiles = '{}', propertySourceLocations = '{}', propertySourceProperties = '{logging.level.org.springframework.web=DEBUG, org.springframework.boot.test.autoconfigure.web.servlet.WebMvcTestContextBootstrapper=true}', contextCustomizers = set[org.springframework.boot.test.autoconfigure.OverrideAutoConfigurationContextCustomizerFactory$DisableAutoConfigurationContextCustomizer@29579bb6, org.springframework.boot.test.autoconfigure.actuate.metrics.MetricsExportContextCustomizerFactory$DisableMetricExportContextCustomizer@4fd23582, org.springframework.boot.test.autoconfigure.filter.TypeExcludeFiltersContextCustomizer@e573624, org.springframework.boot.test.autoconfigure.properties.PropertyMappingContextCustomizer@11ce9272, org.springframework.boot.test.autoconfigure.web.servlet.WebDriverContextCustomizerFactory$Customizer@42dd4abc, [ImportsContextCustomizer@5a4335f0 key = [org.springframework.boot.autoconfigure.cache.CacheAutoConfiguration, org.springframework.boot.autoconfigure.context.MessageSourceAutoConfiguration, org.springframework.boot.autoconfigure.data.web.SpringDataWebAutoConfiguration, org.springframework.boot.autoconfigure.freemarker.FreeMarkerAutoConfiguration, org.springframework.boot.autoconfigure.groovy.template.GroovyTemplateAutoConfiguration, org.springframework.boot.autoconfigure.gson.GsonAutoConfiguration, org.springframework.boot.autoconfigure.hateoas.HypermediaAutoConfiguration, org.springframework.boot.autoconfigure.http.HttpMessageConvertersAutoConfiguration, org.springframework.boot.autoconfigure.jackson.JacksonAutoConfiguration, org.springframework.boot.autoconfigure.jsonb.JsonbAutoConfiguration, org.springframework.boot.autoconfigure.mustache.MustacheAutoConfiguration, org.springframework.boot.autoconfigure.task.TaskExecutionAutoConfiguration, org.springframework.boot.autoconfigure.thymeleaf.ThymeleafAutoConfiguration, org.springframework.boot.autoconfigure.validation.ValidationAutoConfiguration, org.springframework.boot.autoconfigure.web.servlet.error.ErrorMvcAutoConfiguration, org.springframework.boot.autoconfigure.web.servlet.HttpEncodingAutoConfiguration, org.springframework.boot.autoconfigure.web.servlet.WebMvcAutoConfiguration, org.springframework.boot.test.autoconfigure.web.servlet.MockMvcAutoConfiguration, org.springframework.boot.test.autoconfigure.web.servlet.MockMvcWebClientAutoConfiguration, org.springframework.boot.test.autoconfigure.web.servlet.MockMvcWebDriverAutoConfiguration, org.springframework.boot.autoconfigure.security.oauth2.client.servlet.OAuth2ClientAutoConfiguration, org.springframework.boot.autoconfigure.security.oauth2.resource.servlet.OAuth2ResourceServerAutoConfiguration, org.springframework.boot.autoconfigure.security.servlet.SecurityAutoConfiguration, org.springframework.boot.autoconfigure.security.servlet.SecurityFilterAutoConfiguration, org.springframework.boot.autoconfigure.security.servlet.UserDetailsServiceAutoConfiguration, org.springframework.boot.test.autoconfigure.web.servlet.MockMvcSecurityConfiguration]], org.springframework.boot.test.context.filter.ExcludeFilterContextCustomizer@151c9899, org.springframework.boot.test.json.DuplicateJsonObjectContextCustomizerFactory$DuplicateJsonObjectContextCustomizer@237b839a, org.springframework.boot.test.mock.mockito.MockitoContextCustomizer@0, org.springframework.boot.test.context.SpringBootTestArgs@1, org.springframework.boot.test.context.SpringBootTestWebEnvironment@0], resourceBasePath = 'src/main/webapp', contextLoader = 'org.springframework.boot.test.context.SpringBootContextLoader', parent = [null]], attributes = map[[empty]]], class annotated with @DirtiesContext [false] with mode [null].
22:36:06.053 [Test worker] DEBUG org.springframework.test.context.support.DependencyInjectionTestExecutionListener - Performing dependency injection for test context [[DefaultTestContext@65fee28f testClass = HandlingFormSubmissionAppTest, testInstance = com.macrodream.gudies.gs.handlingformsubmission.HandlingFormSubmissionAppTest@261e5e6d, testMethod = [null], testException = [null], mergedContextConfiguration = [WebMergedContextConfiguration@1b861bba testClass = HandlingFormSubmissionAppTest, locations = '{}', classes = '{class com.macrodream.gudies.gs.handlingformsubmission.HandlingFormSubmissionApp}', contextInitializerClasses = '[]', activeProfiles = '{}', propertySourceLocations = '{}', propertySourceProperties = '{logging.level.org.springframework.web=DEBUG, org.springframework.boot.test.autoconfigure.web.servlet.WebMvcTestContextBootstrapper=true}', contextCustomizers = set[org.springframework.boot.test.autoconfigure.OverrideAutoConfigurationContextCustomizerFactory$DisableAutoConfigurationContextCustomizer@29579bb6, org.springframework.boot.test.autoconfigure.actuate.metrics.MetricsExportContextCustomizerFactory$DisableMetricExportContextCustomizer@4fd23582, org.springframework.boot.test.autoconfigure.filter.TypeExcludeFiltersContextCustomizer@e573624, org.springframework.boot.test.autoconfigure.properties.PropertyMappingContextCustomizer@11ce9272, org.springframework.boot.test.autoconfigure.web.servlet.WebDriverContextCustomizerFactory$Customizer@42dd4abc, [ImportsContextCustomizer@5a4335f0 key = [org.springframework.boot.autoconfigure.cache.CacheAutoConfiguration, org.springframework.boot.autoconfigure.context.MessageSourceAutoConfiguration, org.springframework.boot.autoconfigure.data.web.SpringDataWebAutoConfiguration, org.springframework.boot.autoconfigure.freemarker.FreeMarkerAutoConfiguration, org.springframework.boot.autoconfigure.groovy.template.GroovyTemplateAutoConfiguration, org.springframework.boot.autoconfigure.gson.GsonAutoConfiguration, org.springframework.boot.autoconfigure.hateoas.HypermediaAutoConfiguration, org.springframework.boot.autoconfigure.http.HttpMessageConvertersAutoConfiguration, org.springframework.boot.autoconfigure.jackson.JacksonAutoConfiguration, org.springframework.boot.autoconfigure.jsonb.JsonbAutoConfiguration, org.springframework.boot.autoconfigure.mustache.MustacheAutoConfiguration, org.springframework.boot.autoconfigure.task.TaskExecutionAutoConfiguration, org.springframework.boot.autoconfigure.thymeleaf.ThymeleafAutoConfiguration, org.springframework.boot.autoconfigure.validation.ValidationAutoConfiguration, org.springframework.boot.autoconfigure.web.servlet.error.ErrorMvcAutoConfiguration, org.springframework.boot.autoconfigure.web.servlet.HttpEncodingAutoConfiguration, org.springframework.boot.autoconfigure.web.servlet.WebMvcAutoConfiguration, org.springframework.boot.test.autoconfigure.web.servlet.MockMvcAutoConfiguration, org.springframework.boot.test.autoconfigure.web.servlet.MockMvcWebClientAutoConfiguration, org.springframework.boot.test.autoconfigure.web.servlet.MockMvcWebDriverAutoConfiguration, org.springframework.boot.autoconfigure.security.oauth2.client.servlet.OAuth2ClientAutoConfiguration, org.springframework.boot.autoconfigure.security.oauth2.resource.servlet.OAuth2ResourceServerAutoConfiguration, org.springframework.boot.autoconfigure.security.servlet.SecurityAutoConfiguration, org.springframework.boot.autoconfigure.security.servlet.SecurityFilterAutoConfiguration, org.springframework.boot.autoconfigure.security.servlet.UserDetailsServiceAutoConfiguration, org.springframework.boot.test.autoconfigure.web.servlet.MockMvcSecurityConfiguration]], org.springframework.boot.test.context.filter.ExcludeFilterContextCustomizer@151c9899, org.springframework.boot.test.json.DuplicateJsonObjectContextCustomizerFactory$DuplicateJsonObjectContextCustomizer@237b839a, org.springframework.boot.test.mock.mockito.MockitoContextCustomizer@0, org.springframework.boot.test.context.SpringBootTestArgs@1, org.springframework.boot.test.context.SpringBootTestWebEnvironment@0], resourceBasePath = 'src/main/webapp', contextLoader = 'org.springframework.boot.test.context.SpringBootContextLoader', parent = [null]], attributes = map['org.springframework.test.context.event.ApplicationEventsTestExecutionListener.recordApplicationEvents' -> false]]].
22:36:06.183 [Test worker] DEBUG org.springframework.test.context.support.TestPropertySourceUtils - Adding inlined properties to environment: {spring.jmx.enabled=false, logging.level.org.springframework.web=DEBUG, org.springframework.boot.test.autoconfigure.web.servlet.WebMvcTestContextBootstrapper=true}

  .   ____          _            __ _ _
 /\\ / ___'_ __ _ _(_)_ __  __ _ \ \ \ \
( ( )\___ | '_ | '_| | '_ \/ _` | \ \ \ \
 \\/  ___)| |_)| | | | | || (_| |  ) ) ) )
  '  |____| .__|_| |_|_| |_\__, | / / / /
 =========|_|==============|___/=/_/_/_/
 :: Spring Boot ::                (v2.4.2)

2021-02-28 22:36:08.598  INFO 14840 --- [    Test worker] c.m.g.g.h.HandlingFormSubmissionAppTest  : Starting HandlingFormSubmissionAppTest using Java 1.8.0_192 on Mac with PID 14840 (started by Macros.Zhang in D:\Develop\java\ideaProjs\JavaArchTechStack\spring-guides)
2021-02-28 22:36:08.613  INFO 14840 --- [    Test worker] c.m.g.g.h.HandlingFormSubmissionAppTest  : No active profile set, falling back to default profiles: default
2021-02-28 22:36:08.758 DEBUG 14840 --- [    Test worker] o.s.w.c.s.GenericWebApplicationContext   : Refreshing org.springframework.web.context.support.GenericWebApplicationContext@565112fc
2021-02-28 22:36:14.861  INFO 14840 --- [    Test worker] o.s.s.concurrent.ThreadPoolTaskExecutor  : Initializing ExecutorService 'applicationTaskExecutor'
2021-02-28 22:36:14.962 DEBUG 14840 --- [    Test worker] s.w.s.m.m.a.RequestMappingHandlerAdapter : ControllerAdvice beans: 0 @ModelAttribute, 0 @InitBinder, 1 RequestBodyAdvice, 1 ResponseBodyAdvice
2021-02-28 22:36:15.411 DEBUG 14840 --- [    Test worker] s.w.s.m.m.a.RequestMappingHandlerMapping : 4 mappings in 'requestMappingHandlerMapping'
2021-02-28 22:36:15.857 DEBUG 14840 --- [    Test worker] o.s.w.s.handler.SimpleUrlHandlerMapping  : Patterns [/webjars/**, /**] in 'resourceHandlerMapping'
2021-02-28 22:36:15.938 DEBUG 14840 --- [    Test worker] .m.m.a.ExceptionHandlerExceptionResolver : ControllerAdvice beans: 0 @ExceptionHandler, 1 ResponseBodyAdvice
2021-02-28 22:36:17.603  INFO 14840 --- [    Test worker] o.s.b.t.m.w.SpringBootMockServletContext : Initializing Spring TestDispatcherServlet ''
2021-02-28 22:36:17.606  INFO 14840 --- [    Test worker] o.s.t.web.servlet.TestDispatcherServlet  : Initializing Servlet ''
2021-02-28 22:36:17.613  INFO 14840 --- [    Test worker] o.s.t.web.servlet.TestDispatcherServlet  : Completed initialization in 5 ms
2021-02-28 22:36:17.812  INFO 14840 --- [    Test worker] c.m.g.g.h.HandlingFormSubmissionAppTest  : Started HandlingFormSubmissionAppTest in 11.6 seconds (JVM running for 16.582)
2021-02-28 22:36:19.167 DEBUG 14840 --- [    Test worker] s.w.s.m.m.a.RequestMappingHandlerMapping : Mapped to com.macrodream.gudies.gs.handlingformsubmission.GreetingController#greetingForm(Model)
2021-02-28 22:36:19.408 DEBUG 14840 --- [    Test worker] o.s.w.s.v.ContentNegotiatingViewResolver : Selected '*/*' given [*/*]
2021-02-28 22:36:21.140 DEBUG 14840 --- [    Test worker] s.w.s.m.m.a.RequestMappingHandlerMapping : Mapped to com.macrodream.gudies.gs.handlingformsubmission.GreetingController#greetingSubmit(Greeting, Model)
2021-02-28 22:36:21.198 DEBUG 14840 --- [    Test worker] o.s.w.s.v.ContentNegotiatingViewResolver : Selected '*/*' given [*/*]
]]></system-out>
  <system-err><![CDATA[]]></system-err>
</testsuite>
